# JRE version: OpenJDK Runtime Environment (8.0_242-b01) (build 1.8.0_242-release-1644-b01)
# Java VM: OpenJDK 64-Bit Server VM (25.242-b01 mixed mode windows-amd64 compressed oops)
Heap:
 PSYoungGen      total 467968K, used 129770K [0x00000000d5580000, 0x00000000f5980000, 0x0000000100000000)
  eden space 414720K, 28% used [0x00000000d5580000,0x00000000dc81c510,0x00000000eea80000)
  from space 53248K, 23% used [0x00000000f2580000,0x00000000f319e3b0,0x00000000f5980000)
  to   space 56832K, 0% used [0x00000000eea80000,0x00000000eea80000,0x00000000f2200000)
 ParOldGen       total 249344K, used 89415K [0x0000000080000000, 0x000000008f380000, 0x00000000d5580000)
  object space 249344K, 35% used [0x0000000080000000,0x0000000085751c90,0x000000008f380000)
 Metaspace       used 106142K, capacity 111328K, committed 111512K, reserved 1146880K
  class space    used 13425K, capacity 14386K, committed 14512K, reserved 1048576K
GC Heap History (10 events):
Event: 193.961 GC heap before
{Heap before GC invocations=31 (full 4):
 PSYoungGen      total 326656K, used 317356K [0x00000000d5580000, 0x00000000eb900000, 0x0000000100000000)
  eden space 293376K, 100% used [0x00000000d5580000,0x00000000e7400000,0x00000000e7400000)
  from space 33280K, 72% used [0x00000000e9700000,0x00000000eae6b1a0,0x00000000eb780000)
  to   space 35328K, 0% used [0x00000000e7400000,0x00000000e7400000,0x00000000e9680000)
 ParOldGen       total 207360K, used 85626K [0x0000000080000000, 0x000000008ca80000, 0x00000000d5580000)
  object space 207360K, 41% used [0x0000000080000000,0x000000008539eb08,0x000000008ca80000)
 Metaspace       used 93043K, capacity 97738K, committed 97816K, reserved 1134592K
  class space    used 12178K, capacity 13056K, committed 13104K, reserved 1048576K
Event: 196.524 GC heap after
Heap after GC invocations=31 (full 4):
 PSYoungGen      total 328704K, used 35296K [0x00000000d5580000, 0x00000000f2e00000, 0x0000000100000000)
  eden space 293376K, 0% used [0x00000000d5580000,0x00000000d5580000,0x00000000e7400000)
  from space 35328K, 99% used [0x00000000e7400000,0x00000000e96782d0,0x00000000e9680000)
  to   space 63488K, 0% used [0x00000000ef000000,0x00000000ef000000,0x00000000f2e00000)
 ParOldGen       total 207360K, used 146388K [0x0000000080000000, 0x000000008ca80000, 0x00000000d5580000)
  object space 207360K, 70% used [0x0000000080000000,0x0000000088ef53b0,0x000000008ca80000)
 Metaspace       used 93043K, capacity 97738K, committed 97816K, reserved 1134592K
  class space    used 12178K, capacity 13056K, committed 13104K, reserved 1048576K
}
Event: 238.796 GC heap before
{Heap before GC invocations=32 (full 4):
 PSYoungGen      total 328704K, used 328672K [0x00000000d5580000, 0x00000000f2e00000, 0x0000000100000000)
  eden space 293376K, 100% used [0x00000000d5580000,0x00000000e7400000,0x00000000e7400000)
  from space 35328K, 99% used [0x00000000e7400000,0x00000000e96782d0,0x00000000e9680000)
  to   space 63488K, 0% used [0x00000000ef000000,0x00000000ef000000,0x00000000f2e00000)
 ParOldGen       total 207360K, used 146388K [0x0000000080000000, 0x000000008ca80000, 0x00000000d5580000)
  object space 207360K, 70% used [0x0000000080000000,0x0000000088ef53b0,0x000000008ca80000)
 Metaspace       used 94729K, capacity 99490K, committed 99864K, reserved 1136640K
  class space    used 12355K, capacity 13240K, committed 13360K, reserved 1048576K
Event: 239.185 GC heap after
Heap after GC invocations=32 (full 4):
 PSYoungGen      total 409088K, used 30201K [0x00000000d5580000, 0x00000000f2780000, 0x0000000100000000)
  eden space 352256K, 0% used [0x00000000d5580000,0x00000000d5580000,0x00000000ead80000)
  from space 56832K, 53% used [0x00000000ef000000,0x00000000f0d7e540,0x00000000f2780000)
  to   space 62464K, 0% used [0x00000000ead80000,0x00000000ead80000,0x00000000eea80000)
 ParOldGen       total 207360K, used 150054K [0x0000000080000000, 0x000000008ca80000, 0x00000000d5580000)
  object space 207360K, 72% used [0x0000000080000000,0x0000000089289840,0x000000008ca80000)
 Metaspace       used 94729K, capacity 99490K, committed 99864K, reserved 1136640K
  class space    used 12355K, capacity 13240K, committed 13360K, reserved 1048576K
}
Event: 602.425 GC heap before
{Heap before GC invocations=33 (full 4):
 PSYoungGen      total 409088K, used 382457K [0x00000000d5580000, 0x00000000f2780000, 0x0000000100000000)
  eden space 352256K, 100% used [0x00000000d5580000,0x00000000ead80000,0x00000000ead80000)
  from space 56832K, 53% used [0x00000000ef000000,0x00000000f0d7e540,0x00000000f2780000)
  to   space 62464K, 0% used [0x00000000ead80000,0x00000000ead80000,0x00000000eea80000)
 ParOldGen       total 207360K, used 150054K [0x0000000080000000, 0x000000008ca80000, 0x00000000d5580000)
  object space 207360K, 72% used [0x0000000080000000,0x0000000089289840,0x000000008ca80000)
 Metaspace       used 105325K, capacity 110358K, committed 110616K, reserved 1144832K
  class space    used 13409K, capacity 14335K, committed 14384K, reserved 1048576K
Event: 602.698 GC heap after
Heap after GC invocations=33 (full 4):
 PSYoungGen      total 414720K, used 20915K [0x00000000d5580000, 0x00000000f5f00000, 0x0000000100000000)
  eden space 352256K, 0% used [0x00000000d5580000,0x00000000d5580000,0x00000000ead80000)
  from space 62464K, 33% used [0x00000000ead80000,0x00000000ec1ecc60,0x00000000eea80000)
  to   space 58880K, 0% used [0x00000000f2580000,0x00000000f2580000,0x00000000f5f00000)
 ParOldGen       total 207360K, used 177405K [0x0000000080000000, 0x000000008ca80000, 0x00000000d5580000)
  object space 207360K, 85% used [0x0000000080000000,0x000000008ad3f518,0x000000008ca80000)
 Metaspace       used 105325K, capacity 110358K, committed 110616K, reserved 1144832K
  class space    used 13409K, capacity 14335K, committed 14384K, reserved 1048576K
}
Event: 602.698 GC heap before
{Heap before GC invocations=34 (full 5):
 PSYoungGen      total 414720K, used 20915K [0x00000000d5580000, 0x00000000f5f00000, 0x0000000100000000)
  eden space 352256K, 0% used [0x00000000d5580000,0x00000000d5580000,0x00000000ead80000)
  from space 62464K, 33% used [0x00000000ead80000,0x00000000ec1ecc60,0x00000000eea80000)
  to   space 58880K, 0% used [0x00000000f2580000,0x00000000f2580000,0x00000000f5f00000)
 ParOldGen       total 207360K, used 177405K [0x0000000080000000, 0x000000008ca80000, 0x00000000d5580000)
  object space 207360K, 85% used [0x0000000080000000,0x000000008ad3f518,0x000000008ca80000)
 Metaspace       used 105325K, capacity 110358K, committed 110616K, reserved 1144832K
  class space    used 13409K, capacity 14335K, committed 14384K, reserved 1048576K
Event: 604.594 GC heap after
Heap after GC invocations=34 (full 5):
 PSYoungGen      total 414720K, used 0K [0x00000000d5580000, 0x00000000f5f00000, 0x0000000100000000)
  eden space 352256K, 0% used [0x00000000d5580000,0x00000000d5580000,0x00000000ead80000)
  from space 62464K, 0% used [0x00000000ead80000,0x00000000ead80000,0x00000000eea80000)
  to   space 58880K, 0% used [0x00000000f2580000,0x00000000f2580000,0x00000000f5f00000)
 ParOldGen       total 249344K, used 89407K [0x0000000080000000, 0x000000008f380000, 0x00000000d5580000)
  object space 249344K, 35% used [0x0000000080000000,0x000000008574fc90,0x000000008f380000)
 Metaspace       used 105295K, capacity 110278K, committed 110616K, reserved 1144832K
  class space    used 13399K, capacity 14317K, committed 14384K, reserved 1048576K
}
Event: 772.939 GC heap before
{Heap before GC invocations=35 (full 5):
 PSYoungGen      total 414720K, used 352256K [0x00000000d5580000, 0x00000000f5f00000, 0x0000000100000000)
  eden space 352256K, 100% used [0x00000000d5580000,0x00000000ead80000,0x00000000ead80000)
  from space 62464K, 0% used [0x00000000ead80000,0x00000000ead80000,0x00000000eea80000)
  to   space 58880K, 0% used [0x00000000f2580000,0x00000000f2580000,0x00000000f5f00000)
 ParOldGen       total 249344K, used 89407K [0x0000000080000000, 0x000000008f380000, 0x00000000d5580000)
  object space 249344K, 35% used [0x0000000080000000,0x000000008574fc90,0x000000008f380000)
 Metaspace       used 106058K, capacity 111186K, committed 111384K, reserved 1146880K
  class space    used 13422K, capacity 14383K, committed 14384K, reserved 1048576K
Event: 773.024 GC heap after
Heap after GC invocations=35 (full 5):
 PSYoungGen      total 467968K, used 12408K [0x00000000d5580000, 0x00000000f5980000, 0x0000000100000000)
  eden space 414720K, 0% used [0x00000000d5580000,0x00000000d5580000,0x00000000eea80000)
  from space 53248K, 23% used [0x00000000f2580000,0x00000000f319e3b0,0x00000000f5980000)
  to   space 56832K, 0% used [0x00000000eea80000,0x00000000eea80000,0x00000000f2200000)
 ParOldGen       total 249344K, used 89415K [0x0000000080000000, 0x000000008f380000, 0x00000000d5580000)
  object space 249344K, 35% used [0x0000000080000000,0x0000000085751c90,0x000000008f380000)
 Metaspace       used 106058K, capacity 111186K, committed 111384K, reserved 1146880K
  class space    used 13422K, capacity 14383K, committed 14384K, reserved 1048576K
}

